<?xml version="1.0" encoding="UTF-8"?>
<!-- Generated by org.testng.reporters.JUnitReportReporter -->
<testsuite skipped="0" hostname="acer" name="com.crm.qa.testcases.HomePageTestCases" tests="3" failures="0" timestamp="2020-05-24T15:29:33 IST" time="95.517" errors="0">
  <testcase name="verifyPageTitle" time="32.845" classname="com.crm.qa.testcases.HomePageTestCases"/>
  <system-out/>
  <testcase name="verifyWelcomeText" time="33.386" classname="com.crm.qa.testcases.HomePageTestCases"/>
  <system-out/>
  <testcase name="clickOnContactsLink" time="29.286" classname="com.crm.qa.testcases.HomePageTestCases"/>
  <system-out/>
</testsuite> <!-- com.crm.qa.testcases.HomePageTestCases -->
