<?xml version="1.0" encoding="UTF-8"?>
<!-- Generated by org.testng.reporters.JUnitReportReporter -->
<testsuite skipped="1" hostname="acer" name="com.crm.qa.testcases.LoginpageTestCases" tests="2" failures="0" timestamp="2020-05-24T15:29:33 IST" time="32.117" errors="0">
  <testcase name="verifyPageTitle" time="32.117" classname="com.crm.qa.testcases.LoginpageTestCases"/>
  <system-out/>
  <testcase name="signin" classname="com.crm.qa.testcases.LoginpageTestCases">
    <skipped/>
  </testcase> <!-- signin -->
  <system-out/>
</testsuite> <!-- com.crm.qa.testcases.LoginpageTestCases -->
