<?xml version="1.0" encoding="UTF-8"?>
<!-- Generated by org.testng.reporters.JUnitReportReporter -->
<testsuite skipped="3" hostname="acer" name="com.crm.qa.testcases.ContactsPageTest" tests="7" failures="0" timestamp="2020-05-24T15:29:33 IST" time="190.687" errors="0">
  <testcase name="addNewContact" time="49.268" classname="com.crm.qa.testcases.ContactsPageTest"/>
  <system-out/>
  <testcase name="addNewContact" time="43.551" classname="com.crm.qa.testcases.ContactsPageTest"/>
  <system-out/>
  <testcase name="addNewContact" time="52.482" classname="com.crm.qa.testcases.ContactsPageTest"/>
  <system-out/>
  <testcase name="addNewContact" time="45.386" classname="com.crm.qa.testcases.ContactsPageTest"/>
  <system-out/>
  <testcase name="verifyWelcomeText" classname="com.crm.qa.testcases.ContactsPageTest">
    <skipped/>
  </testcase> <!-- verifyWelcomeText -->
  <system-out/>
  <testcase name="selectMultipleContacts" classname="com.crm.qa.testcases.ContactsPageTest">
    <skipped/>
  </testcase> <!-- selectMultipleContacts -->
  <system-out/>
  <testcase name="selectSingleContact" classname="com.crm.qa.testcases.ContactsPageTest">
    <skipped/>
  </testcase> <!-- selectSingleContact -->
  <system-out/>
</testsuite> <!-- com.crm.qa.testcases.ContactsPageTest -->
