<?xml version="1.0" encoding="UTF-8"?>
<!-- Generated by org.testng.reporters.JUnitReportReporter -->
<testsuite skipped="0" hostname="acer" name="com.crm.qa.utilities.TestUtil" tests="1" failures="0" timestamp="21 May 2020 09:44:59 GMT" time="0.028" errors="0">
  <testcase name="stringGenerate" time="0.028" classname="com.crm.qa.utilities.TestUtil"/>
</testsuite> <!-- com.crm.qa.utilities.TestUtil -->
