<?xml version="1.0" encoding="UTF-8"?>
<!-- Generated by org.testng.reporters.JUnitReportReporter -->
<testsuite skipped="0" hostname="acer" name="com.crm.qa.testcases.LoginpageTestCases" tests="2" failures="0" timestamp="23 May 2020 11:46:01 GMT" time="53.547" errors="0">
  <testcase name="verifyPageTitle" time="25.322" classname="com.crm.qa.testcases.LoginpageTestCases"/>
  <testcase name="signin" time="28.225" classname="com.crm.qa.testcases.LoginpageTestCases"/>
</testsuite> <!-- com.crm.qa.testcases.LoginpageTestCases -->
