<?xml version="1.0" encoding="UTF-8"?>
<!-- Generated by org.testng.reporters.JUnitReportReporter -->
<testsuite skipped="0" hostname="acer" name="com.crm.qa.testcases.HomePageTestCases" tests="3" failures="0" timestamp="23 May 2020 11:46:01 GMT" time="81.339" errors="0">
  <testcase name="verifyPageTitle" time="26.505" classname="com.crm.qa.testcases.HomePageTestCases"/>
  <testcase name="verifyWelcomeText" time="27.119" classname="com.crm.qa.testcases.HomePageTestCases"/>
  <testcase name="clickOnContactsLink" time="27.715" classname="com.crm.qa.testcases.HomePageTestCases"/>
</testsuite> <!-- com.crm.qa.testcases.HomePageTestCases -->
